0 info it worked if it ends with ok
1 verbose cli [ 'D:\\nodejs\\node.exe',
1 verbose cli   'D:\\nodejs\\node_modules\\npm\\bin\\npm-cli.js',
1 verbose cli   'i',
1 verbose cli   'zlib',
1 verbose cli   '-g' ]
2 info using npm@3.10.10
3 info using node@v6.10.0
4 silly loadCurrentTree Starting
5 silly install loadCurrentTree
6 silly install readGlobalPackageData
7 silly fetchPackageMetaData zlib
8 silly fetchNamedPackageData zlib
9 silly mapToRegistry name zlib
10 silly mapToRegistry using default registry
11 silly mapToRegistry registry https://registry.npmjs.org/
12 silly mapToRegistry data Result {
12 silly mapToRegistry   raw: 'zlib',
12 silly mapToRegistry   scope: null,
12 silly mapToRegistry   escapedName: 'zlib',
12 silly mapToRegistry   name: 'zlib',
12 silly mapToRegistry   rawSpec: '',
12 silly mapToRegistry   spec: 'latest',
12 silly mapToRegistry   type: 'tag' }
13 silly mapToRegistry uri https://registry.npmjs.org/zlib
14 verbose request uri https://registry.npmjs.org/zlib
15 verbose request no auth needed
16 info attempt registry request try #1 at 20:45:17
17 verbose request id 630317171bacc295
18 verbose etag W/"4e4027de-17d3"
19 verbose lastModified Mon, 08 Aug 2011 18:15:58 GMT
20 http request GET https://registry.npmjs.org/zlib
21 http 304 https://registry.npmjs.org/zlib
22 verbose headers { date: 'Sat, 15 Apr 2017 12:45:24 GMT',
22 verbose headers   via: '1.1 varnish',
22 verbose headers   'cache-control': 'max-age=300',
22 verbose headers   etag: 'W/"4e4027de-17d3"',
22 verbose headers   age: '64',
22 verbose headers   connection: 'keep-alive',
22 verbose headers   'x-served-by': 'cache-hkg6822-HKG',
22 verbose headers   'x-cache': 'HIT',
22 verbose headers   'x-cache-hits': '1',
22 verbose headers   'x-timer': 'S1492260325.584816,VS0,VE0',
22 verbose headers   vary: 'Accept-Encoding' }
23 silly get cb [ 304,
23 silly get   { date: 'Sat, 15 Apr 2017 12:45:24 GMT',
23 silly get     via: '1.1 varnish',
23 silly get     'cache-control': 'max-age=300',
23 silly get     etag: 'W/"4e4027de-17d3"',
23 silly get     age: '64',
23 silly get     connection: 'keep-alive',
23 silly get     'x-served-by': 'cache-hkg6822-HKG',
23 silly get     'x-cache': 'HIT',
23 silly get     'x-cache-hits': '1',
23 silly get     'x-timer': 'S1492260325.584816,VS0,VE0',
23 silly get     vary: 'Accept-Encoding' } ]
24 verbose etag https://registry.npmjs.org/zlib from cache
25 verbose get saving zlib to C:\Users\lyp\AppData\Roaming\npm-cache\registry.npmjs.org\zlib\.cache.json
26 verbose correctMkdir C:\Users\lyp\AppData\Roaming\npm-cache correctMkdir not in flight; initializing
27 silly install normalizeTree
28 silly loadCurrentTree Finishing
29 silly loadIdealTree Starting
30 silly install loadIdealTree
31 silly cloneCurrentTree Starting
32 silly install cloneCurrentTreeToIdealTree
33 silly cloneCurrentTree Finishing
34 silly loadShrinkwrap Starting
35 silly install loadShrinkwrap
36 silly loadShrinkwrap Finishing
37 silly loadAllDepsIntoIdealTree Starting
38 silly install loadAllDepsIntoIdealTree
39 silly resolveWithNewModule zlib@1.0.5 checking installable status
40 silly cache add args [ 'zlib', null ]
41 verbose cache add spec zlib
42 silly cache add parsed spec Result {
42 silly cache add   raw: 'zlib',
42 silly cache add   scope: null,
42 silly cache add   escapedName: 'zlib',
42 silly cache add   name: 'zlib',
42 silly cache add   rawSpec: '',
42 silly cache add   spec: 'latest',
42 silly cache add   type: 'tag' }
43 silly addNamed zlib@latest
44 verbose addNamed "latest" is being treated as a dist-tag for zlib
45 info addNameTag [ 'zlib', 'latest' ]
46 silly mapToRegistry name zlib
47 silly mapToRegistry using default registry
48 silly mapToRegistry registry https://registry.npmjs.org/
49 silly mapToRegistry data Result {
49 silly mapToRegistry   raw: 'zlib',
49 silly mapToRegistry   scope: null,
49 silly mapToRegistry   escapedName: 'zlib',
49 silly mapToRegistry   name: 'zlib',
49 silly mapToRegistry   rawSpec: '',
49 silly mapToRegistry   spec: 'latest',
49 silly mapToRegistry   type: 'tag' }
50 silly mapToRegistry uri https://registry.npmjs.org/zlib
51 verbose addNameTag registry:https://registry.npmjs.org/zlib not in flight; fetching
52 verbose get https://registry.npmjs.org/zlib not expired, no request
53 silly addNameTag next cb for zlib with tag latest
54 silly addNamed zlib@1.0.5
55 verbose addNamed "1.0.5" is a plain semver version for zlib
56 silly cache afterAdd zlib@1.0.5
57 verbose afterAdd C:\Users\lyp\AppData\Roaming\npm-cache\zlib\1.0.5\package\package.json not in flight; writing
58 verbose correctMkdir C:\Users\lyp\AppData\Roaming\npm-cache correctMkdir not in flight; initializing
59 verbose afterAdd C:\Users\lyp\AppData\Roaming\npm-cache\zlib\1.0.5\package\package.json written
60 silly loadAllDepsIntoIdealTree Finishing
61 silly loadIdealTree Finishing
62 silly currentTree nodejs
63 silly idealTree nodejs
63 silly idealTree `-- zlib@1.0.5
64 silly generateActionsToTake Starting
65 silly install generateActionsToTake
66 silly generateActionsToTake Finishing
67 silly diffTrees action count 1
68 silly diffTrees add zlib@1.0.5
69 silly decomposeActions action count 8
70 silly decomposeActions fetch zlib@1.0.5
71 silly decomposeActions extract zlib@1.0.5
72 silly decomposeActions test zlib@1.0.5
73 silly decomposeActions preinstall zlib@1.0.5
74 silly decomposeActions build zlib@1.0.5
75 silly decomposeActions install zlib@1.0.5
76 silly decomposeActions postinstall zlib@1.0.5
77 silly decomposeActions finalize zlib@1.0.5
78 silly runTopLevelLifecycles Starting
79 silly executeActions Starting
80 silly install executeActions
81 silly doSerial global-install 0
82 silly doParallel fetch 1
83 verbose correctMkdir C:\Users\lyp\AppData\Roaming\npm-cache\_locks correctMkdir not in flight; initializing
84 verbose lock using C:\Users\lyp\AppData\Roaming\npm-cache\_locks\staging-566bd6235030046b.lock for D:\nodejs\node_modules\.staging
85 silly doParallel extract 1
86 silly extract zlib@1.0.5
87 verbose unbuild node_modules\.staging\zlib-80133587
88 silly gentlyRm D:\nodejs\node_modules\.staging\zlib-80133587 is being purged from base D:\nodejs
89 verbose gentlyRm don't care about contents; nuking D:\nodejs\node_modules\.staging\zlib-80133587
90 verbose tar unpack C:\Users\lyp\AppData\Roaming\npm-cache\zlib\1.0.5\package.tgz
91 verbose tar unpacking to D:\nodejs\node_modules\.staging\zlib-80133587
92 silly gentlyRm D:\nodejs\node_modules\.staging\zlib-80133587 is being purged
93 verbose gentlyRm don't care about contents; nuking D:\nodejs\node_modules\.staging\zlib-80133587
94 silly gunzTarPerm modes [ '777', '666' ]
95 silly gunzTarPerm extractEntry .gitignore
96 silly gunzTarPerm modified mode [ '.gitignore', 420, 438 ]
97 silly gunzTarPerm extractEntry configure
98 silly gunzTarPerm modified mode [ 'configure', 493, 511 ]
99 silly gunzTarPerm extractEntry index.js
100 silly gunzTarPerm modified mode [ 'index.js', 420, 438 ]
101 silly gunzTarPerm extractEntry LICENSE
102 silly gunzTarPerm modified mode [ 'LICENSE', 420, 438 ]
103 silly gunzTarPerm extractEntry Makefile
104 silly gunzTarPerm modified mode [ 'Makefile', 420, 438 ]
105 silly gunzTarPerm extractEntry package.json
106 silly gunzTarPerm modified mode [ 'package.json', 420, 438 ]
107 silly gunzTarPerm extractEntry README.md
108 silly gunzTarPerm modified mode [ 'README.md', 420, 438 ]
109 silly gunzTarPerm extractEntry wscript
110 silly gunzTarPerm modified mode [ 'wscript', 420, 438 ]
111 silly gunzTarPerm extractEntry lib/zlib.js
112 silly gunzTarPerm modified mode [ 'lib/zlib.js', 420, 438 ]
113 silly gunzTarPerm extractEntry src/node-zlib.cc
114 silly gunzTarPerm modified mode [ 'src/node-zlib.cc', 420, 438 ]
115 silly gunzTarPerm extractEntry test/deflate.test.js
116 silly gunzTarPerm modified mode [ 'test/deflate.test.js', 420, 438 ]
117 silly gunzTarPerm extractEntry test/inflate.test.js
118 silly gunzTarPerm modified mode [ 'test/inflate.test.js', 420, 438 ]
119 silly gentlyRm D:\nodejs\node_modules\.staging\zlib-80133587\node_modules is being purged
120 verbose gentlyRm don't care about contents; nuking D:\nodejs\node_modules\.staging\zlib-80133587\node_modules
121 silly doParallel preinstall 1
122 silly preinstall zlib@1.0.5 D:\nodejs\node_modules\.staging\zlib-80133587
123 info lifecycle zlib@1.0.5~preinstall: zlib@1.0.5
124 verbose lifecycle zlib@1.0.5~preinstall: unsafe-perm in lifecycle true
125 verbose lifecycle zlib@1.0.5~preinstall: PATH: D:\nodejs\node_modules\npm\bin\node-gyp-bin;D:\nodejs\node_modules\.staging\zlib-80133587\node_modules\.bin;D:\nodejs\node_modules\.bin;C:\Program Files (x86)\Intel\iCLS Client\;C:\Program Files\Intel\iCLS Client\;C:\WINDOWS\system32;C:\WINDOWS;C:\WINDOWS\System32\Wbem;C:\WINDOWS\System32\WindowsPowerShell\v1.0\;C:\Program Files (x86)\Intel\Intel(R) Management Engine Components\DAL;C:\Program Files\Intel\Intel(R) Management Engine Components\DAL;C:\Program Files (x86)\Intel\Intel(R) Management Engine Components\IPT;C:\Program Files\Intel\Intel(R) Management Engine Components\IPT;D:\Program Files\bracket\command;D:\nodejs\;C:\Users\lyp\AppData\Local\Microsoft\WindowsApps;C:\Users\lyp\AppData\Roaming\npm
126 verbose lifecycle zlib@1.0.5~preinstall: CWD: D:\nodejs\node_modules\.staging\zlib-80133587
127 silly lifecycle zlib@1.0.5~preinstall: Args: [ '/d /s /c',
127 silly lifecycle   'node-waf clean || true; node-waf configure build' ]
128 silly lifecycle zlib@1.0.5~preinstall: Returned: code: 1  signal: null
129 info lifecycle zlib@1.0.5~preinstall: Failed to exec preinstall script
130 verbose unlock done using C:\Users\lyp\AppData\Roaming\npm-cache\_locks\staging-566bd6235030046b.lock for D:\nodejs\node_modules\.staging
131 silly rollbackFailedOptional Starting
132 silly rollbackFailedOptional Finishing
133 silly runTopLevelLifecycles Finishing
134 silly install printInstalled
135 verbose stack Error: zlib@1.0.5 preinstall: `node-waf clean || true; node-waf configure build`
135 verbose stack Exit status 1
135 verbose stack     at EventEmitter.<anonymous> (D:\nodejs\node_modules\npm\lib\utils\lifecycle.js:255:16)
135 verbose stack     at emitTwo (events.js:106:13)
135 verbose stack     at EventEmitter.emit (events.js:191:7)
135 verbose stack     at ChildProcess.<anonymous> (D:\nodejs\node_modules\npm\lib\utils\spawn.js:40:14)
135 verbose stack     at emitTwo (events.js:106:13)
135 verbose stack     at ChildProcess.emit (events.js:191:7)
135 verbose stack     at maybeClose (internal/child_process.js:877:16)
135 verbose stack     at Process.ChildProcess._handle.onexit (internal/child_process.js:226:5)
136 verbose pkgid zlib@1.0.5
137 verbose cwd E:\nodeAndMongo
138 error Windows_NT 10.0.14393
139 error argv "D:\\nodejs\\node.exe" "D:\\nodejs\\node_modules\\npm\\bin\\npm-cli.js" "i" "zlib" "-g"
140 error node v6.10.0
141 error npm  v3.10.10
142 error code ELIFECYCLE
143 error zlib@1.0.5 preinstall: `node-waf clean || true; node-waf configure build`
143 error Exit status 1
144 error Failed at the zlib@1.0.5 preinstall script 'node-waf clean || true; node-waf configure build'.
144 error Make sure you have the latest version of node.js and npm installed.
144 error If you do, this is most likely a problem with the zlib package,
144 error not with npm itself.
144 error Tell the author that this fails on your system:
144 error     node-waf clean || true; node-waf configure build
144 error You can get information on how to open an issue for this project with:
144 error     npm bugs zlib
144 error Or if that isn't available, you can get their info via:
144 error     npm owner ls zlib
144 error There is likely additional logging output above.
145 verbose exit [ 1, true ]
